
**** Build of configuration Nios II for project Assignment_1_v2 ****

make all 
      0 [main] sh 7416 find_fast_cwd: WARNING: Couldn't compute FAST_CWD pointer.  Please report this problem to
the public mailing list cygwin@cygwin.com
      0 [main] sh 7216 find_fast_cwd: WARNING: Couldn't compute FAST_CWD pointer.  Please report this problem to
the public mailing list cygwin@cygwin.com
      0 [main] echo 9388 find_fast_cwd: WARNING: Couldn't compute FAST_CWD pointer.  Please report this problem to
the public mailing list cygwin@cygwin.com
Info: Building ../Assignment_1_v2_bsp/
make --no-print-directory -C ../Assignment_1_v2_bsp/
      0 [main] pwd 18244 find_fast_cwd: WARNING: Couldn't compute FAST_CWD pointer.  Please report this problem to
the public mailing list cygwin@cygwin.com
      0 [main] sh 18584 find_fast_cwd: WARNING: Couldn't compute FAST_CWD pointer.  Please report this problem to
the public mailing list cygwin@cygwin.com
      0 [main] sh 13800 find_fast_cwd: WARNING: Couldn't compute FAST_CWD pointer.  Please report this problem to
the public mailing list cygwin@cygwin.com
[BSP build complete]
      0 [main] echo 4520 find_fast_cwd: WARNING: Couldn't compute FAST_CWD pointer.  Please report this problem to
the public mailing list cygwin@cygwin.com
Info: Compiling main.c to obj/default/main.o
      0 [main] mkdir 15804 find_fast_cwd: WARNING: Couldn't compute FAST_CWD pointer.  Please report this problem to
nios2-elf-gcc -xc -MP -MMD -c -I../Assignment_1_v2_bsp//HAL/inc -I../Assignment_1_v2_bsp/ -I../Assignment_1_v2_bsp//drivers/inc  -DSYSTEM_BUS_WIDTH=32 -pipe -D__hal__ -DALT_NO_INSTRUCTION_EMULATION -DALT_SINGLE_THREADED    -O0 -g -Wall   -EL -mhw-div -mhw-mul -mno-hw-mulx  -o obj/default/main.o main.c
the public mailing list cygwin@cygwin.com
      0 [main] true 8208 find_fast_cwd: WARNING: Couldn't compute FAST_CWD pointer.  Please report this problem to
the public mailing list cygwin@cygwin.com
      0 [main] echo 7872 find_fast_cwd: WARNING: Couldn't compute FAST_CWD pointer.  Please report this problem to
the public mailing list cygwin@cygwin.com
Info: Linking Assignment_1_v2.elf
nios2-elf-g++  -T'../Assignment_1_v2_bsp//linker.x' -msys-crt0='../Assignment_1_v2_bsp//obj/HAL/src/crt0.o' -msys-lib=hal_bsp -L../Assignment_1_v2_bsp/   -Wl,-Map=Assignment_1_v2.map   -O0 -g -Wall   -EL -mhw-div -mhw-mul -mno-hw-mulx  -o Assignment_1_v2.elf obj/default/freertos/croutine.o obj/default/freertos/event_groups.o obj/default/freertos/heap.o obj/default/freertos/list.o obj/default/freertos/port.o obj/default/freertos/queue.o obj/default/freertos/tasks.o obj/default/freertos/timers.o obj/default/main.o obj/default/freertos/port_asm.o -lm 
      2 [main] sh 19336 find_fast_cwd: WARNING: Couldn't compute FAST_CWD pointer.  Please report this problem to
nios2-elf-insert Assignment_1_v2.elf --thread_model hal --cpu_name nios2 --qsys true --simulation_enabled false --id 7 --sidp 0x430f0 --timestamp 1393900972 --stderr_dev jtag_uart --stdin_dev jtag_uart --stdout_dev jtag_uart --sopc_system_name nios2 --quartus_project_dir "C:/Users/nzbra/OneDrive/Desktop/723/good_ass1/Assignment1_V2"
the public mailing list cygwin@cygwin.com
      0 [main] uname 2348 find_fast_cwd: WARNING: Couldn't compute FAST_CWD pointer.  Please report this problem to
the public mailing list cygwin@cygwin.com
      0 [main] sh 16508 find_fast_cwd: WARNING: Couldn't compute FAST_CWD pointer.  Please report this problem to
the public mailing list cygwin@cygwin.com
Info: (Assignment_1_v2.elf) 606 KBytes program size (code + initialized data).
Info:                       130559 KBytes free for stack + heap.
      1 [main] echo 6432 find_fast_cwd: WARNING: Couldn't compute FAST_CWD pointer.  Please report this problem to
Info: Creating Assignment_1_v2.objdump
the public mailing list cygwin@cygwin.com
nios2-elf-objdump --disassemble --syms --all-header --source Assignment_1_v2.elf >Assignment_1_v2.objdump
      0 [main] sh 19580 find_fast_cwd: WARNING: Couldn't compute FAST_CWD pointer.  Please report this problem to
the public mailing list cygwin@cygwin.com
      0 [main] sh 19416 find_fast_cwd: WARNING: Couldn't compute FAST_CWD pointer.  Please report this problem to
the public mailing list cygwin@cygwin.com
[Assignment_1_v2 build complete]

**** Build Finished ****
